{'backbone_class': 'Res12',
 'dataset': 'Slake',
 'episodes_per_epoch': 200,
 'eval_interval': 5,
 'eval_query': 8,
 'eval_shot': 1,
 'eval_way': 4,
 'exp_name': 'Exp9',
 'fix_BN': False,
 'gamma': 0.5,
 'gd_lr': 0.001,
 'gpu': '0',
 'inner_iters': 5,
 'log_interval': 50,
 'lr': 1e-06,
 'lr_mul': 10,
 'lr_scheduler': 'cosine',
 'max_epoch': 40,
 'model_class': 'MAML',
 'mom': 0.9,
 'noise_ratio': 0.1,
 'noise_type': 'PCA',
 'num_eval_episodes': 400,
 'num_workers': 4,
 'para_init': None,
 'query': 8,
 'save_dir': './checkpoints/slakeExp1',
 'save_path': './checkpoints/slakeExp1/Slake-MAML-Res12-Transformer-3-04w01s08q/100_0.5_lr1e-06_InLR0.001InIter5_cosine_t0.5-Mul10',
 'shot': 1,
 'step_size': '100',
 'temperature': 0.5,
 'text_encoder': 'Transformer',
 'voc_size': 350,
 'way': 4,
 'weight_decay': 0.0005}
using gpu: 0
data loaded......
model prepared......
epoch 1, train 000050/008000, total loss=0.9238, loss=0.9238 acc=0.6306, lr=1e-06
data_timer: 0.71 sec, forward_timer: 0.39 sec,backward_timer: 0.04 sec, optim_timer: 0.03 sec
epoch 1, train 000100/008000, total loss=0.8794, loss=0.8794 acc=0.6709, lr=1e-06
data_timer: 0.36 sec, forward_timer: 0.25 sec,backward_timer: 0.02 sec, optim_timer: 0.02 sec
epoch 1, train 000150/008000, total loss=0.8703, loss=0.8703 acc=0.6775, lr=1e-06
data_timer: 0.24 sec, forward_timer: 0.20 sec,backward_timer: 0.02 sec, optim_timer: 0.01 sec
epoch 1, train 000200/008000, total loss=0.8454, loss=0.8454 acc=0.6898, lr=1e-06
data_timer: 0.18 sec, forward_timer: 0.18 sec,backward_timer: 0.02 sec, optim_timer: 0.01 sec
LOG: Epoch-1: Train Acc-0.6875
ETA:2m/1.7h
epoch 2, train 000250/008000, total loss=0.7420, loss=0.7420 acc=0.7231, lr=9.985e-07
data_timer: 0.20 sec, forward_timer: 0.16 sec,backward_timer: 0.02 sec, optim_timer: 0.01 sec
epoch 2, train 000300/008000, total loss=0.7542, loss=0.7542 acc=0.7322, lr=9.985e-07
data_timer: 0.17 sec, forward_timer: 0.16 sec,backward_timer: 0.01 sec, optim_timer: 0.01 sec
epoch 2, train 000350/008000, total loss=0.7667, loss=0.7667 acc=0.7279, lr=9.985e-07
data_timer: 0.14 sec, forward_timer: 0.15 sec,backward_timer: 0.01 sec, optim_timer: 0.01 sec
epoch 2, train 000400/008000, total loss=0.7558, loss=0.7558 acc=0.7320, lr=9.985e-07
data_timer: 0.13 sec, forward_timer: 0.14 sec,backward_timer: 0.01 sec, optim_timer: 0.01 sec
LOG: Epoch-2: Train Acc-0.5625
ETA:3m/1.1h
epoch 3, train 000450/008000, total loss=0.7775, loss=0.7775 acc=0.7188, lr=9.938e-07
data_timer: 0.14 sec, forward_timer: 0.14 sec,backward_timer: 0.01 sec, optim_timer: 0.00 sec
epoch 3, train 000500/008000, total loss=0.7769, loss=0.7769 acc=0.7269, lr=9.938e-07
data_timer: 0.13 sec, forward_timer: 0.14 sec,backward_timer: 0.01 sec, optim_timer: 0.00 sec
epoch 3, train 000550/008000, total loss=0.7583, loss=0.7583 acc=0.7350, lr=9.938e-07
data_timer: 0.11 sec, forward_timer: 0.14 sec,backward_timer: 0.01 sec, optim_timer: 0.00 sec
epoch 3, train 000600/008000, total loss=0.7568, loss=0.7568 acc=0.7350, lr=9.938e-07
data_timer: 0.10 sec, forward_timer: 0.13 sec,backward_timer: 0.01 sec, optim_timer: 0.00 sec
LOG: Epoch-3: Train Acc-0.59375
ETA:4m/51m
epoch 4, train 000650/008000, total loss=0.7695, loss=0.7695 acc=0.7206, lr=9.862e-07
data_timer: 0.11 sec, forward_timer: 0.13 sec,backward_timer: 0.01 sec, optim_timer: 0.00 sec
epoch 4, train 000700/008000, total loss=0.7635, loss=0.7635 acc=0.7219, lr=9.862e-07
data_timer: 0.11 sec, forward_timer: 0.13 sec,backward_timer: 0.01 sec, optim_timer: 0.00 sec
epoch 4, train 000750/008000, total loss=0.7371, loss=0.7371 acc=0.7392, lr=9.862e-07
data_timer: 0.10 sec, forward_timer: 0.13 sec,backward_timer: 0.01 sec, optim_timer: 0.00 sec
epoch 4, train 000800/008000, total loss=0.7328, loss=0.7328 acc=0.7406, lr=9.862e-07
data_timer: 0.09 sec, forward_timer: 0.13 sec,backward_timer: 0.01 sec, optim_timer: 0.00 sec
LOG: Epoch-4: Train Acc-0.71875
ETA:4m/44m
epoch 5, train 000850/008000, total loss=0.7075, loss=0.7075 acc=0.7538, lr=9.755e-07
data_timer: 0.10 sec, forward_timer: 0.13 sec,backward_timer: 0.01 sec, optim_timer: 0.00 sec
epoch 5, train 000900/008000, total loss=0.7220, loss=0.7220 acc=0.7484, lr=9.755e-07
data_timer: 0.10 sec, forward_timer: 0.12 sec,backward_timer: 0.01 sec, optim_timer: 0.00 sec
epoch 5, train 000950/008000, total loss=0.7193, loss=0.7193 acc=0.7462, lr=9.755e-07
data_timer: 0.09 sec, forward_timer: 0.12 sec,backward_timer: 0.01 sec, optim_timer: 0.00 sec
epoch 5, train 001000/008000, total loss=0.7181, loss=0.7181 acc=0.7489, lr=9.755e-07
data_timer: 0.09 sec, forward_timer: 0.12 sec,backward_timer: 0.01 sec, optim_timer: 0.00 sec
LOG: Epoch-5: Train Acc-0.75
best epoch 0, best val acc=0.0000 + 0.0000
epoch 5, val, loss=0.5168 acc=0.8327+0.0090
ETA:6m/48m
epoch 6, train 001050/008000, total loss=0.6957, loss=0.6957 acc=0.7588, lr=9.619e-07
data_timer: 0.09 sec, forward_timer: 0.12 sec,backward_timer: 0.01 sec, optim_timer: 0.00 sec
epoch 6, train 001100/008000, total loss=0.7149, loss=0.7149 acc=0.7453, lr=9.619e-07
data_timer: 0.09 sec, forward_timer: 0.12 sec,backward_timer: 0.01 sec, optim_timer: 0.00 sec
epoch 6, train 001150/008000, total loss=0.7086, loss=0.7086 acc=0.7452, lr=9.619e-07
data_timer: 0.09 sec, forward_timer: 0.12 sec,backward_timer: 0.01 sec, optim_timer: 0.00 sec
epoch 6, train 001200/008000, total loss=0.6973, loss=0.6973 acc=0.7525, lr=9.619e-07
data_timer: 0.08 sec, forward_timer: 0.12 sec,backward_timer: 0.01 sec, optim_timer: 0.00 sec
LOG: Epoch-6: Train Acc-0.84375
ETA:7m/44m
epoch 7, train 001250/008000, total loss=0.7967, loss=0.7967 acc=0.7188, lr=9.455e-07
data_timer: 0.09 sec, forward_timer: 0.12 sec,backward_timer: 0.01 sec, optim_timer: 0.00 sec
epoch 7, train 001300/008000, total loss=0.7431, loss=0.7431 acc=0.7431, lr=9.455e-07
data_timer: 0.08 sec, forward_timer: 0.12 sec,backward_timer: 0.01 sec, optim_timer: 0.00 sec
epoch 7, train 001350/008000, total loss=0.7396, loss=0.7396 acc=0.7369, lr=9.455e-07
data_timer: 0.08 sec, forward_timer: 0.12 sec,backward_timer: 0.01 sec, optim_timer: 0.00 sec
epoch 7, train 001400/008000, total loss=0.7348, loss=0.7348 acc=0.7384, lr=9.455e-07
data_timer: 0.08 sec, forward_timer: 0.12 sec,backward_timer: 0.01 sec, optim_timer: 0.00 sec
LOG: Epoch-7: Train Acc-0.59375
ETA:7m/42m
epoch 8, train 001450/008000, total loss=0.6584, loss=0.6584 acc=0.7700, lr=9.263e-07
data_timer: 0.08 sec, forward_timer: 0.12 sec,backward_timer: 0.01 sec, optim_timer: 0.00 sec
epoch 8, train 001500/008000, total loss=0.6502, loss=0.6502 acc=0.7700, lr=9.263e-07
data_timer: 0.08 sec, forward_timer: 0.12 sec,backward_timer: 0.01 sec, optim_timer: 0.00 sec
epoch 8, train 001550/008000, total loss=0.6332, loss=0.6332 acc=0.7783, lr=9.263e-07
data_timer: 0.08 sec, forward_timer: 0.12 sec,backward_timer: 0.01 sec, optim_timer: 0.00 sec
epoch 8, train 001600/008000, total loss=0.6300, loss=0.6300 acc=0.7788, lr=9.263e-07
data_timer: 0.08 sec, forward_timer: 0.12 sec,backward_timer: 0.01 sec, optim_timer: 0.00 sec
LOG: Epoch-8: Train Acc-0.40625
ETA:8m/39m
epoch 9, train 001650/008000, total loss=0.6505, loss=0.6505 acc=0.7681, lr=9.045e-07
data_timer: 0.08 sec, forward_timer: 0.12 sec,backward_timer: 0.01 sec, optim_timer: 0.00 sec
epoch 9, train 001700/008000, total loss=0.6614, loss=0.6614 acc=0.7725, lr=9.045e-07
data_timer: 0.08 sec, forward_timer: 0.12 sec,backward_timer: 0.01 sec, optim_timer: 0.00 sec
epoch 9, train 001750/008000, total loss=0.6562, loss=0.6562 acc=0.7769, lr=9.045e-07
data_timer: 0.08 sec, forward_timer: 0.12 sec,backward_timer: 0.01 sec, optim_timer: 0.00 sec
epoch 9, train 001800/008000, total loss=0.6651, loss=0.6651 acc=0.7755, lr=9.045e-07
data_timer: 0.07 sec, forward_timer: 0.12 sec,backward_timer: 0.01 sec, optim_timer: 0.00 sec
LOG: Epoch-9: Train Acc-0.4375
ETA:8m/38m
epoch 10, train 001850/008000, total loss=0.6859, loss=0.6859 acc=0.7406, lr=8.802e-07
data_timer: 0.08 sec, forward_timer: 0.12 sec,backward_timer: 0.01 sec, optim_timer: 0.00 sec
epoch 10, train 001900/008000, total loss=0.6559, loss=0.6559 acc=0.7625, lr=8.802e-07
data_timer: 0.08 sec, forward_timer: 0.12 sec,backward_timer: 0.01 sec, optim_timer: 0.00 sec
epoch 10, train 001950/008000, total loss=0.6357, loss=0.6357 acc=0.7715, lr=8.802e-07
data_timer: 0.07 sec, forward_timer: 0.12 sec,backward_timer: 0.01 sec, optim_timer: 0.00 sec
epoch 10, train 002000/008000, total loss=0.6572, loss=0.6572 acc=0.7638, lr=8.802e-07
data_timer: 0.07 sec, forward_timer: 0.12 sec,backward_timer: 0.01 sec, optim_timer: 0.00 sec
LOG: Epoch-10: Train Acc-0.90625
best epoch 5, best val acc=0.8327 + 0.0090
epoch 10, val, loss=0.4781 acc=0.8466+0.0093
ETA:10m/40m
epoch 11, train 002050/008000, total loss=0.6470, loss=0.6470 acc=0.7744, lr=8.536e-07
data_timer: 0.08 sec, forward_timer: 0.12 sec,backward_timer: 0.01 sec, optim_timer: 0.00 sec
epoch 11, train 002100/008000, total loss=0.6798, loss=0.6798 acc=0.7606, lr=8.536e-07
data_timer: 0.08 sec, forward_timer: 0.12 sec,backward_timer: 0.01 sec, optim_timer: 0.00 sec
epoch 11, train 002150/008000, total loss=0.6677, loss=0.6677 acc=0.7631, lr=8.536e-07
data_timer: 0.07 sec, forward_timer: 0.12 sec,backward_timer: 0.01 sec, optim_timer: 0.00 sec
epoch 11, train 002200/008000, total loss=0.6448, loss=0.6448 acc=0.7741, lr=8.536e-07
data_timer: 0.07 sec, forward_timer: 0.12 sec,backward_timer: 0.01 sec, optim_timer: 0.00 sec
LOG: Epoch-11: Train Acc-0.9375
ETA:11m/39m
epoch 12, train 002250/008000, total loss=0.6150, loss=0.6150 acc=0.7894, lr=8.247e-07
data_timer: 0.08 sec, forward_timer: 0.12 sec,backward_timer: 0.01 sec, optim_timer: 0.00 sec
epoch 12, train 002300/008000, total loss=0.6041, loss=0.6041 acc=0.7931, lr=8.247e-07
data_timer: 0.07 sec, forward_timer: 0.12 sec,backward_timer: 0.01 sec, optim_timer: 0.00 sec
epoch 12, train 002350/008000, total loss=0.6077, loss=0.6077 acc=0.7921, lr=8.247e-07
data_timer: 0.07 sec, forward_timer: 0.12 sec,backward_timer: 0.01 sec, optim_timer: 0.00 sec
epoch 12, train 002400/008000, total loss=0.6359, loss=0.6359 acc=0.7759, lr=8.247e-07
data_timer: 0.07 sec, forward_timer: 0.12 sec,backward_timer: 0.01 sec, optim_timer: 0.00 sec
LOG: Epoch-12: Train Acc-0.84375
ETA:11m/38m
epoch 13, train 002450/008000, total loss=0.6162, loss=0.6162 acc=0.7869, lr=7.939e-07
data_timer: 0.07 sec, forward_timer: 0.11 sec,backward_timer: 0.01 sec, optim_timer: 0.00 sec
epoch 13, train 002500/008000, total loss=0.6291, loss=0.6291 acc=0.7837, lr=7.939e-07
data_timer: 0.07 sec, forward_timer: 0.11 sec,backward_timer: 0.01 sec, optim_timer: 0.00 sec
epoch 13, train 002550/008000, total loss=0.6188, loss=0.6188 acc=0.7854, lr=7.939e-07
data_timer: 0.07 sec, forward_timer: 0.11 sec,backward_timer: 0.01 sec, optim_timer: 0.00 sec
epoch 13, train 002600/008000, total loss=0.6130, loss=0.6130 acc=0.7889, lr=7.939e-07
data_timer: 0.07 sec, forward_timer: 0.11 sec,backward_timer: 0.01 sec, optim_timer: 0.00 sec
LOG: Epoch-13: Train Acc-0.75
ETA:12m/37m
epoch 14, train 002650/008000, total loss=0.5855, loss=0.5855 acc=0.7969, lr=7.612e-07
data_timer: 0.07 sec, forward_timer: 0.11 sec,backward_timer: 0.01 sec, optim_timer: 0.00 sec
epoch 14, train 002700/008000, total loss=0.5933, loss=0.5933 acc=0.7928, lr=7.612e-07
data_timer: 0.07 sec, forward_timer: 0.11 sec,backward_timer: 0.01 sec, optim_timer: 0.00 sec
epoch 14, train 002750/008000, total loss=0.6012, loss=0.6012 acc=0.7921, lr=7.612e-07
data_timer: 0.07 sec, forward_timer: 0.11 sec,backward_timer: 0.01 sec, optim_timer: 0.00 sec
epoch 14, train 002800/008000, total loss=0.6104, loss=0.6104 acc=0.7902, lr=7.612e-07
data_timer: 0.07 sec, forward_timer: 0.11 sec,backward_timer: 0.01 sec, optim_timer: 0.00 sec
LOG: Epoch-14: Train Acc-0.9375
ETA:13m/36m
epoch 15, train 002850/008000, total loss=0.6142, loss=0.6142 acc=0.7869, lr=7.27e-07
data_timer: 0.07 sec, forward_timer: 0.11 sec,backward_timer: 0.01 sec, optim_timer: 0.00 sec
epoch 15, train 002900/008000, total loss=0.5975, loss=0.5975 acc=0.7950, lr=7.27e-07
data_timer: 0.07 sec, forward_timer: 0.11 sec,backward_timer: 0.01 sec, optim_timer: 0.00 sec
epoch 15, train 002950/008000, total loss=0.5975, loss=0.5975 acc=0.7942, lr=7.27e-07
data_timer: 0.07 sec, forward_timer: 0.11 sec,backward_timer: 0.01 sec, optim_timer: 0.00 sec
epoch 15, train 003000/008000, total loss=0.5941, loss=0.5941 acc=0.7950, lr=7.27e-07
data_timer: 0.07 sec, forward_timer: 0.11 sec,backward_timer: 0.01 sec, optim_timer: 0.00 sec
LOG: Epoch-15: Train Acc-0.9375
best epoch 10, best val acc=0.8466 + 0.0093
epoch 15, val, loss=0.4826 acc=0.8358+0.0090
ETA:14m/38m
epoch 16, train 003050/008000, total loss=0.5950, loss=0.5950 acc=0.8075, lr=6.913e-07
data_timer: 0.07 sec, forward_timer: 0.11 sec,backward_timer: 0.01 sec, optim_timer: 0.00 sec
epoch 16, train 003100/008000, total loss=0.5839, loss=0.5839 acc=0.8097, lr=6.913e-07
data_timer: 0.07 sec, forward_timer: 0.11 sec,backward_timer: 0.01 sec, optim_timer: 0.00 sec
epoch 16, train 003150/008000, total loss=0.5816, loss=0.5816 acc=0.8065, lr=6.913e-07
data_timer: 0.07 sec, forward_timer: 0.11 sec,backward_timer: 0.01 sec, optim_timer: 0.00 sec
epoch 16, train 003200/008000, total loss=0.5941, loss=0.5941 acc=0.8005, lr=6.913e-07
data_timer: 0.07 sec, forward_timer: 0.11 sec,backward_timer: 0.01 sec, optim_timer: 0.00 sec
LOG: Epoch-16: Train Acc-0.75
ETA:15m/37m
epoch 17, train 003250/008000, total loss=0.5509, loss=0.5509 acc=0.8175, lr=6.545e-07
data_timer: 0.07 sec, forward_timer: 0.11 sec,backward_timer: 0.01 sec, optim_timer: 0.00 sec
epoch 17, train 003300/008000, total loss=0.5634, loss=0.5634 acc=0.8122, lr=6.545e-07
data_timer: 0.07 sec, forward_timer: 0.11 sec,backward_timer: 0.01 sec, optim_timer: 0.00 sec
epoch 17, train 003350/008000, total loss=0.5777, loss=0.5777 acc=0.8025, lr=6.545e-07
data_timer: 0.07 sec, forward_timer: 0.11 sec,backward_timer: 0.01 sec, optim_timer: 0.00 sec
epoch 17, train 003400/008000, total loss=0.5924, loss=0.5924 acc=0.7953, lr=6.545e-07
data_timer: 0.07 sec, forward_timer: 0.11 sec,backward_timer: 0.01 sec, optim_timer: 0.00 sec
LOG: Epoch-17: Train Acc-0.8125
ETA:15m/36m
epoch 18, train 003450/008000, total loss=0.6207, loss=0.6207 acc=0.7837, lr=6.167e-07
data_timer: 0.07 sec, forward_timer: 0.11 sec,backward_timer: 0.01 sec, optim_timer: 0.00 sec
epoch 18, train 003500/008000, total loss=0.6183, loss=0.6183 acc=0.7822, lr=6.167e-07
data_timer: 0.07 sec, forward_timer: 0.11 sec,backward_timer: 0.01 sec, optim_timer: 0.00 sec
epoch 18, train 003550/008000, total loss=0.5991, loss=0.5991 acc=0.7898, lr=6.167e-07
data_timer: 0.07 sec, forward_timer: 0.11 sec,backward_timer: 0.01 sec, optim_timer: 0.00 sec
epoch 18, train 003600/008000, total loss=0.6004, loss=0.6004 acc=0.7891, lr=6.167e-07
data_timer: 0.07 sec, forward_timer: 0.11 sec,backward_timer: 0.01 sec, optim_timer: 0.00 sec
LOG: Epoch-18: Train Acc-0.875
ETA:16m/36m
epoch 19, train 003650/008000, total loss=0.6102, loss=0.6102 acc=0.7850, lr=5.782e-07
data_timer: 0.07 sec, forward_timer: 0.11 sec,backward_timer: 0.01 sec, optim_timer: 0.00 sec
epoch 19, train 003700/008000, total loss=0.5737, loss=0.5737 acc=0.8066, lr=5.782e-07
data_timer: 0.07 sec, forward_timer: 0.11 sec,backward_timer: 0.01 sec, optim_timer: 0.00 sec
epoch 19, train 003750/008000, total loss=0.5867, loss=0.5867 acc=0.7998, lr=5.782e-07
data_timer: 0.07 sec, forward_timer: 0.11 sec,backward_timer: 0.01 sec, optim_timer: 0.00 sec
epoch 19, train 003800/008000, total loss=0.5739, loss=0.5739 acc=0.8050, lr=5.782e-07
data_timer: 0.07 sec, forward_timer: 0.11 sec,backward_timer: 0.01 sec, optim_timer: 0.00 sec
LOG: Epoch-19: Train Acc-0.78125
ETA:17m/35m
epoch 20, train 003850/008000, total loss=0.5405, loss=0.5405 acc=0.8150, lr=5.392e-07
data_timer: 0.07 sec, forward_timer: 0.11 sec,backward_timer: 0.01 sec, optim_timer: 0.00 sec
epoch 20, train 003900/008000, total loss=0.5926, loss=0.5926 acc=0.7969, lr=5.392e-07
data_timer: 0.07 sec, forward_timer: 0.11 sec,backward_timer: 0.01 sec, optim_timer: 0.00 sec
epoch 20, train 003950/008000, total loss=0.5966, loss=0.5966 acc=0.7921, lr=5.392e-07
data_timer: 0.07 sec, forward_timer: 0.11 sec,backward_timer: 0.01 sec, optim_timer: 0.00 sec
epoch 20, train 004000/008000, total loss=0.5967, loss=0.5967 acc=0.7886, lr=5.392e-07
data_timer: 0.07 sec, forward_timer: 0.11 sec,backward_timer: 0.01 sec, optim_timer: 0.00 sec
LOG: Epoch-20: Train Acc-0.625
best epoch 10, best val acc=0.8466 + 0.0093
epoch 20, val, loss=0.4695 acc=0.8383+0.0083
ETA:18m/37m
epoch 21, train 004050/008000, total loss=0.5350, loss=0.5350 acc=0.8169, lr=5e-07
data_timer: 0.07 sec, forward_timer: 0.11 sec,backward_timer: 0.01 sec, optim_timer: 0.00 sec
epoch 21, train 004100/008000, total loss=0.5388, loss=0.5388 acc=0.8169, lr=5e-07
data_timer: 0.07 sec, forward_timer: 0.11 sec,backward_timer: 0.01 sec, optim_timer: 0.00 sec
epoch 21, train 004150/008000, total loss=0.5461, loss=0.5461 acc=0.8131, lr=5e-07
data_timer: 0.07 sec, forward_timer: 0.11 sec,backward_timer: 0.01 sec, optim_timer: 0.00 sec
epoch 21, train 004200/008000, total loss=0.5479, loss=0.5479 acc=0.8147, lr=5e-07
data_timer: 0.07 sec, forward_timer: 0.11 sec,backward_timer: 0.01 sec, optim_timer: 0.00 sec
LOG: Epoch-21: Train Acc-0.90625
ETA:19m/36m
epoch 22, train 004250/008000, total loss=0.5259, loss=0.5259 acc=0.8250, lr=4.608e-07
data_timer: 0.07 sec, forward_timer: 0.11 sec,backward_timer: 0.01 sec, optim_timer: 0.00 sec
epoch 22, train 004300/008000, total loss=0.5621, loss=0.5621 acc=0.8053, lr=4.608e-07
data_timer: 0.07 sec, forward_timer: 0.11 sec,backward_timer: 0.01 sec, optim_timer: 0.00 sec
epoch 22, train 004350/008000, total loss=0.5422, loss=0.5422 acc=0.8133, lr=4.608e-07
data_timer: 0.07 sec, forward_timer: 0.11 sec,backward_timer: 0.01 sec, optim_timer: 0.00 sec
epoch 22, train 004400/008000, total loss=0.5576, loss=0.5576 acc=0.8056, lr=4.608e-07
data_timer: 0.07 sec, forward_timer: 0.11 sec,backward_timer: 0.01 sec, optim_timer: 0.00 sec
LOG: Epoch-22: Train Acc-0.78125
ETA:20m/36m
epoch 23, train 004450/008000, total loss=0.5405, loss=0.5405 acc=0.8225, lr=4.218e-07
data_timer: 0.07 sec, forward_timer: 0.11 sec,backward_timer: 0.01 sec, optim_timer: 0.00 sec
epoch 23, train 004500/008000, total loss=0.5092, loss=0.5092 acc=0.8309, lr=4.218e-07
data_timer: 0.07 sec, forward_timer: 0.11 sec,backward_timer: 0.01 sec, optim_timer: 0.00 sec
epoch 23, train 004550/008000, total loss=0.5297, loss=0.5297 acc=0.8208, lr=4.218e-07
data_timer: 0.07 sec, forward_timer: 0.11 sec,backward_timer: 0.01 sec, optim_timer: 0.00 sec
epoch 23, train 004600/008000, total loss=0.5386, loss=0.5386 acc=0.8177, lr=4.218e-07
data_timer: 0.07 sec, forward_timer: 0.11 sec,backward_timer: 0.01 sec, optim_timer: 0.00 sec
LOG: Epoch-23: Train Acc-0.8125
ETA:20m/35m
epoch 24, train 004650/008000, total loss=0.5481, loss=0.5481 acc=0.8019, lr=3.833e-07
data_timer: 0.07 sec, forward_timer: 0.11 sec,backward_timer: 0.01 sec, optim_timer: 0.00 sec
epoch 24, train 004700/008000, total loss=0.5354, loss=0.5354 acc=0.8159, lr=3.833e-07
data_timer: 0.07 sec, forward_timer: 0.11 sec,backward_timer: 0.01 sec, optim_timer: 0.00 sec
epoch 24, train 004750/008000, total loss=0.5396, loss=0.5396 acc=0.8142, lr=3.833e-07
data_timer: 0.07 sec, forward_timer: 0.11 sec,backward_timer: 0.01 sec, optim_timer: 0.00 sec
epoch 24, train 004800/008000, total loss=0.5491, loss=0.5491 acc=0.8114, lr=3.833e-07
data_timer: 0.07 sec, forward_timer: 0.11 sec,backward_timer: 0.01 sec, optim_timer: 0.00 sec
LOG: Epoch-24: Train Acc-0.90625
ETA:21m/35m
epoch 25, train 004850/008000, total loss=0.5909, loss=0.5909 acc=0.8000, lr=3.455e-07
data_timer: 0.07 sec, forward_timer: 0.11 sec,backward_timer: 0.01 sec, optim_timer: 0.00 sec
epoch 25, train 004900/008000, total loss=0.5557, loss=0.5557 acc=0.8103, lr=3.455e-07
data_timer: 0.07 sec, forward_timer: 0.11 sec,backward_timer: 0.01 sec, optim_timer: 0.00 sec
epoch 25, train 004950/008000, total loss=0.5407, loss=0.5407 acc=0.8185, lr=3.455e-07
data_timer: 0.07 sec, forward_timer: 0.11 sec,backward_timer: 0.01 sec, optim_timer: 0.00 sec
epoch 25, train 005000/008000, total loss=0.5482, loss=0.5482 acc=0.8155, lr=3.455e-07
data_timer: 0.06 sec, forward_timer: 0.11 sec,backward_timer: 0.01 sec, optim_timer: 0.00 sec
LOG: Epoch-25: Train Acc-0.875
best epoch 10, best val acc=0.8466 + 0.0093
epoch 25, val, loss=0.4558 acc=0.8407+0.0080
ETA:22m/36m
epoch 26, train 005050/008000, total loss=0.5272, loss=0.5272 acc=0.8306, lr=3.087e-07
data_timer: 0.07 sec, forward_timer: 0.11 sec,backward_timer: 0.01 sec, optim_timer: 0.00 sec
epoch 26, train 005100/008000, total loss=0.5508, loss=0.5508 acc=0.8166, lr=3.087e-07
data_timer: 0.07 sec, forward_timer: 0.11 sec,backward_timer: 0.01 sec, optim_timer: 0.00 sec
epoch 26, train 005150/008000, total loss=0.5621, loss=0.5621 acc=0.8077, lr=3.087e-07
data_timer: 0.07 sec, forward_timer: 0.11 sec,backward_timer: 0.01 sec, optim_timer: 0.00 sec
epoch 26, train 005200/008000, total loss=0.5535, loss=0.5535 acc=0.8116, lr=3.087e-07
data_timer: 0.06 sec, forward_timer: 0.11 sec,backward_timer: 0.01 sec, optim_timer: 0.00 sec
LOG: Epoch-26: Train Acc-0.90625
ETA:23m/35m
epoch 27, train 005250/008000, total loss=0.5705, loss=0.5705 acc=0.8044, lr=2.73e-07
data_timer: 0.07 sec, forward_timer: 0.11 sec,backward_timer: 0.01 sec, optim_timer: 0.00 sec
epoch 27, train 005300/008000, total loss=0.5602, loss=0.5602 acc=0.8053, lr=2.73e-07
data_timer: 0.07 sec, forward_timer: 0.11 sec,backward_timer: 0.01 sec, optim_timer: 0.00 sec
epoch 27, train 005350/008000, total loss=0.5436, loss=0.5436 acc=0.8106, lr=2.73e-07
data_timer: 0.07 sec, forward_timer: 0.11 sec,backward_timer: 0.01 sec, optim_timer: 0.00 sec
epoch 27, train 005400/008000, total loss=0.5452, loss=0.5452 acc=0.8122, lr=2.73e-07
data_timer: 0.06 sec, forward_timer: 0.11 sec,backward_timer: 0.01 sec, optim_timer: 0.00 sec
LOG: Epoch-27: Train Acc-0.8125
ETA:24m/35m
epoch 28, train 005450/008000, total loss=0.5244, loss=0.5244 acc=0.8125, lr=2.388e-07
data_timer: 0.07 sec, forward_timer: 0.11 sec,backward_timer: 0.01 sec, optim_timer: 0.00 sec
epoch 28, train 005500/008000, total loss=0.5301, loss=0.5301 acc=0.8184, lr=2.388e-07
data_timer: 0.07 sec, forward_timer: 0.11 sec,backward_timer: 0.01 sec, optim_timer: 0.00 sec
epoch 28, train 005550/008000, total loss=0.5388, loss=0.5388 acc=0.8179, lr=2.388e-07
data_timer: 0.06 sec, forward_timer: 0.11 sec,backward_timer: 0.01 sec, optim_timer: 0.00 sec
epoch 28, train 005600/008000, total loss=0.5381, loss=0.5381 acc=0.8169, lr=2.388e-07
data_timer: 0.06 sec, forward_timer: 0.11 sec,backward_timer: 0.01 sec, optim_timer: 0.00 sec
LOG: Epoch-28: Train Acc-0.875
ETA:24m/34m
epoch 29, train 005650/008000, total loss=0.5534, loss=0.5534 acc=0.8044, lr=2.061e-07
data_timer: 0.07 sec, forward_timer: 0.11 sec,backward_timer: 0.01 sec, optim_timer: 0.00 sec
epoch 29, train 005700/008000, total loss=0.5266, loss=0.5266 acc=0.8209, lr=2.061e-07
data_timer: 0.07 sec, forward_timer: 0.11 sec,backward_timer: 0.01 sec, optim_timer: 0.00 sec
epoch 29, train 005750/008000, total loss=0.5212, loss=0.5212 acc=0.8229, lr=2.061e-07
data_timer: 0.06 sec, forward_timer: 0.11 sec,backward_timer: 0.01 sec, optim_timer: 0.00 sec
epoch 29, train 005800/008000, total loss=0.5155, loss=0.5155 acc=0.8252, lr=2.061e-07
data_timer: 0.06 sec, forward_timer: 0.11 sec,backward_timer: 0.01 sec, optim_timer: 0.00 sec
LOG: Epoch-29: Train Acc-0.9375
ETA:25m/34m
epoch 30, train 005850/008000, total loss=0.5755, loss=0.5755 acc=0.7950, lr=1.753e-07
data_timer: 0.07 sec, forward_timer: 0.11 sec,backward_timer: 0.01 sec, optim_timer: 0.00 sec
epoch 30, train 005900/008000, total loss=0.5732, loss=0.5732 acc=0.7991, lr=1.753e-07
data_timer: 0.06 sec, forward_timer: 0.11 sec,backward_timer: 0.01 sec, optim_timer: 0.00 sec
epoch 30, train 005950/008000, total loss=0.5834, loss=0.5834 acc=0.7929, lr=1.753e-07
data_timer: 0.06 sec, forward_timer: 0.11 sec,backward_timer: 0.01 sec, optim_timer: 0.00 sec
epoch 30, train 006000/008000, total loss=0.5686, loss=0.5686 acc=0.8003, lr=1.753e-07
data_timer: 0.06 sec, forward_timer: 0.11 sec,backward_timer: 0.01 sec, optim_timer: 0.00 sec
LOG: Epoch-30: Train Acc-0.8125
best epoch 10, best val acc=0.8466 + 0.0093
epoch 30, val, loss=0.4627 acc=0.8421+0.0087
ETA:26m/35m
epoch 31, train 006050/008000, total loss=0.5294, loss=0.5294 acc=0.8131, lr=1.464e-07
data_timer: 0.07 sec, forward_timer: 0.11 sec,backward_timer: 0.01 sec, optim_timer: 0.00 sec
epoch 31, train 006100/008000, total loss=0.5128, loss=0.5128 acc=0.8284, lr=1.464e-07
data_timer: 0.06 sec, forward_timer: 0.11 sec,backward_timer: 0.01 sec, optim_timer: 0.00 sec
epoch 31, train 006150/008000, total loss=0.5205, loss=0.5205 acc=0.8229, lr=1.464e-07
data_timer: 0.06 sec, forward_timer: 0.11 sec,backward_timer: 0.01 sec, optim_timer: 0.00 sec
epoch 31, train 006200/008000, total loss=0.5149, loss=0.5149 acc=0.8263, lr=1.464e-07
data_timer: 0.06 sec, forward_timer: 0.11 sec,backward_timer: 0.01 sec, optim_timer: 0.00 sec
LOG: Epoch-31: Train Acc-0.78125
ETA:27m/35m
epoch 32, train 006250/008000, total loss=0.5262, loss=0.5262 acc=0.8200, lr=1.198e-07
data_timer: 0.07 sec, forward_timer: 0.11 sec,backward_timer: 0.01 sec, optim_timer: 0.00 sec
epoch 32, train 006300/008000, total loss=0.5253, loss=0.5253 acc=0.8213, lr=1.198e-07
data_timer: 0.06 sec, forward_timer: 0.11 sec,backward_timer: 0.01 sec, optim_timer: 0.00 sec
epoch 32, train 006350/008000, total loss=0.5301, loss=0.5301 acc=0.8169, lr=1.198e-07
data_timer: 0.06 sec, forward_timer: 0.11 sec,backward_timer: 0.01 sec, optim_timer: 0.00 sec
epoch 32, train 006400/008000, total loss=0.5345, loss=0.5345 acc=0.8134, lr=1.198e-07
data_timer: 0.06 sec, forward_timer: 0.11 sec,backward_timer: 0.01 sec, optim_timer: 0.00 sec
LOG: Epoch-32: Train Acc-0.90625
ETA:28m/34m
epoch 33, train 006450/008000, total loss=0.6293, loss=0.6293 acc=0.7794, lr=9.549e-08
data_timer: 0.06 sec, forward_timer: 0.11 sec,backward_timer: 0.01 sec, optim_timer: 0.00 sec
epoch 33, train 006500/008000, total loss=0.5568, loss=0.5568 acc=0.8097, lr=9.549e-08
data_timer: 0.06 sec, forward_timer: 0.11 sec,backward_timer: 0.01 sec, optim_timer: 0.00 sec
epoch 33, train 006550/008000, total loss=0.5550, loss=0.5550 acc=0.8117, lr=9.549e-08
data_timer: 0.06 sec, forward_timer: 0.11 sec,backward_timer: 0.01 sec, optim_timer: 0.00 sec
epoch 33, train 006600/008000, total loss=0.5451, loss=0.5451 acc=0.8152, lr=9.549e-08
data_timer: 0.06 sec, forward_timer: 0.11 sec,backward_timer: 0.01 sec, optim_timer: 0.00 sec
LOG: Epoch-33: Train Acc-0.6875
ETA:28m/34m
epoch 34, train 006650/008000, total loss=0.5617, loss=0.5617 acc=0.7981, lr=7.368e-08
data_timer: 0.06 sec, forward_timer: 0.11 sec,backward_timer: 0.01 sec, optim_timer: 0.00 sec
epoch 34, train 006700/008000, total loss=0.5487, loss=0.5487 acc=0.8113, lr=7.368e-08
data_timer: 0.06 sec, forward_timer: 0.11 sec,backward_timer: 0.01 sec, optim_timer: 0.00 sec
epoch 34, train 006750/008000, total loss=0.5414, loss=0.5414 acc=0.8156, lr=7.368e-08
data_timer: 0.06 sec, forward_timer: 0.11 sec,backward_timer: 0.01 sec, optim_timer: 0.00 sec
epoch 34, train 006800/008000, total loss=0.5380, loss=0.5380 acc=0.8169, lr=7.368e-08
data_timer: 0.06 sec, forward_timer: 0.11 sec,backward_timer: 0.01 sec, optim_timer: 0.00 sec
LOG: Epoch-34: Train Acc-0.5625
ETA:29m/34m
epoch 35, train 006850/008000, total loss=0.4924, loss=0.4924 acc=0.8363, lr=5.45e-08
data_timer: 0.06 sec, forward_timer: 0.11 sec,backward_timer: 0.01 sec, optim_timer: 0.00 sec
epoch 35, train 006900/008000, total loss=0.5079, loss=0.5079 acc=0.8316, lr=5.45e-08
data_timer: 0.06 sec, forward_timer: 0.11 sec,backward_timer: 0.01 sec, optim_timer: 0.00 sec
epoch 35, train 006950/008000, total loss=0.5452, loss=0.5452 acc=0.8171, lr=5.45e-08
data_timer: 0.06 sec, forward_timer: 0.11 sec,backward_timer: 0.01 sec, optim_timer: 0.00 sec
epoch 35, train 007000/008000, total loss=0.5510, loss=0.5510 acc=0.8133, lr=5.45e-08
data_timer: 0.06 sec, forward_timer: 0.11 sec,backward_timer: 0.01 sec, optim_timer: 0.00 sec
LOG: Epoch-35: Train Acc-0.84375
best epoch 10, best val acc=0.8466 + 0.0093
epoch 35, val, loss=0.4678 acc=0.8364+0.0088
ETA:30m/35m
epoch 36, train 007050/008000, total loss=0.5113, loss=0.5113 acc=0.8313, lr=3.806e-08
data_timer: 0.06 sec, forward_timer: 0.11 sec,backward_timer: 0.01 sec, optim_timer: 0.00 sec
epoch 36, train 007100/008000, total loss=0.5340, loss=0.5340 acc=0.8153, lr=3.806e-08
data_timer: 0.06 sec, forward_timer: 0.11 sec,backward_timer: 0.01 sec, optim_timer: 0.00 sec
epoch 36, train 007150/008000, total loss=0.5365, loss=0.5365 acc=0.8131, lr=3.806e-08
data_timer: 0.06 sec, forward_timer: 0.11 sec,backward_timer: 0.01 sec, optim_timer: 0.00 sec
epoch 36, train 007200/008000, total loss=0.5412, loss=0.5412 acc=0.8094, lr=3.806e-08
data_timer: 0.06 sec, forward_timer: 0.11 sec,backward_timer: 0.01 sec, optim_timer: 0.00 sec
LOG: Epoch-36: Train Acc-0.59375
ETA:31m/34m
epoch 37, train 007250/008000, total loss=0.5912, loss=0.5912 acc=0.7881, lr=2.447e-08
data_timer: 0.06 sec, forward_timer: 0.11 sec,backward_timer: 0.01 sec, optim_timer: 0.00 sec
epoch 37, train 007300/008000, total loss=0.5612, loss=0.5612 acc=0.7987, lr=2.447e-08
data_timer: 0.06 sec, forward_timer: 0.11 sec,backward_timer: 0.01 sec, optim_timer: 0.00 sec
epoch 37, train 007350/008000, total loss=0.5639, loss=0.5639 acc=0.7996, lr=2.447e-08
data_timer: 0.06 sec, forward_timer: 0.11 sec,backward_timer: 0.01 sec, optim_timer: 0.00 sec
epoch 37, train 007400/008000, total loss=0.5566, loss=0.5566 acc=0.8014, lr=2.447e-08
data_timer: 0.06 sec, forward_timer: 0.11 sec,backward_timer: 0.01 sec, optim_timer: 0.00 sec
LOG: Epoch-37: Train Acc-0.8125
ETA:32m/34m
epoch 38, train 007450/008000, total loss=0.5317, loss=0.5317 acc=0.8200, lr=1.382e-08
data_timer: 0.06 sec, forward_timer: 0.11 sec,backward_timer: 0.01 sec, optim_timer: 0.00 sec
epoch 38, train 007500/008000, total loss=0.5499, loss=0.5499 acc=0.8081, lr=1.382e-08
data_timer: 0.06 sec, forward_timer: 0.11 sec,backward_timer: 0.01 sec, optim_timer: 0.00 sec
epoch 38, train 007550/008000, total loss=0.5607, loss=0.5607 acc=0.8042, lr=1.382e-08
data_timer: 0.06 sec, forward_timer: 0.11 sec,backward_timer: 0.01 sec, optim_timer: 0.00 sec
epoch 38, train 007600/008000, total loss=0.5582, loss=0.5582 acc=0.8037, lr=1.382e-08
data_timer: 0.06 sec, forward_timer: 0.11 sec,backward_timer: 0.01 sec, optim_timer: 0.00 sec
LOG: Epoch-38: Train Acc-0.96875
ETA:32m/34m
epoch 39, train 007650/008000, total loss=0.5861, loss=0.5861 acc=0.7812, lr=6.156e-09
data_timer: 0.06 sec, forward_timer: 0.11 sec,backward_timer: 0.01 sec, optim_timer: 0.00 sec
epoch 39, train 007700/008000, total loss=0.5799, loss=0.5799 acc=0.7947, lr=6.156e-09
data_timer: 0.06 sec, forward_timer: 0.11 sec,backward_timer: 0.01 sec, optim_timer: 0.00 sec
epoch 39, train 007750/008000, total loss=0.5667, loss=0.5667 acc=0.7985, lr=6.156e-09
data_timer: 0.06 sec, forward_timer: 0.11 sec,backward_timer: 0.01 sec, optim_timer: 0.00 sec
epoch 39, train 007800/008000, total loss=0.5487, loss=0.5487 acc=0.8087, lr=6.156e-09
data_timer: 0.06 sec, forward_timer: 0.11 sec,backward_timer: 0.01 sec, optim_timer: 0.00 sec
LOG: Epoch-39: Train Acc-0.84375
ETA:33m/34m
epoch 40, train 007850/008000, total loss=0.4945, loss=0.4945 acc=0.8337, lr=1.541e-09
data_timer: 0.06 sec, forward_timer: 0.11 sec,backward_timer: 0.01 sec, optim_timer: 0.00 sec
epoch 40, train 007900/008000, total loss=0.5226, loss=0.5226 acc=0.8222, lr=1.541e-09
data_timer: 0.06 sec, forward_timer: 0.11 sec,backward_timer: 0.01 sec, optim_timer: 0.00 sec
epoch 40, train 007950/008000, total loss=0.5233, loss=0.5233 acc=0.8225, lr=1.541e-09
data_timer: 0.06 sec, forward_timer: 0.11 sec,backward_timer: 0.01 sec, optim_timer: 0.00 sec
epoch 40, train 008000/008000, total loss=0.5153, loss=0.5153 acc=0.8275, lr=1.541e-09
data_timer: 0.06 sec, forward_timer: 0.11 sec,backward_timer: 0.01 sec, optim_timer: 0.00 sec
LOG: Epoch-40: Train Acc-1.0
best epoch 10, best val acc=0.8466 + 0.0093
epoch 40, val, loss=0.4748 acc=0.8350+0.0087
ETA:34m/34m
best epoch 10, best val acc=0.8466 + 0.0093
best epoch 10, best val acc=0.8466 + 0.0093

Test acc=0.7566 + 0.0211

best epoch 10, best val acc=0.8466 + 0.0093
Shot 1 Test acc=0.7712 + 0.0213

Shot 5 Test acc=0.8900 + 0.0115

Shot 8 Test acc=0.8888 + 0.0132

./checkpoints/slakeExp1/Slake-MAML-Res12-Transformer-3-04w01s08q/100_0.5_lr1e-06_InLR0.001InIter5_cosine_t0.5-Mul10
My working directory is /users/zha503/scratch/Unicorn Folder/Multi-modal-MAML
Running job on host:
	gpu26.viking2.yor.alces.network at Tue Jan 6 16:32:03 GMT 2026


Job completed at Tue Jan 6 16:32:03 GMT 2026
